<?xml version="1.0" encoding="UTF-8"?>
<testsuite name="carparking.service.CarParkingServiceImplTest" tests="1" skipped="0" failures="0" errors="0" timestamp="2020-08-09T11:00:29" hostname="LAPTOP-2D1GM5DQ" time="0.063">
  <properties/>
  <testcase name="testParkCar" classname="carparking.service.CarParkingServiceImplTest" time="0.063"/>
  <system-out><![CDATA[]]></system-out>
  <system-err><![CDATA[]]></system-err>
</testsuite>
