<?xml version="1.0" encoding="UTF-8"?>
<testsuite name="ReadInputFileTest" tests="1" skipped="0" failures="0" errors="0" timestamp="2020-08-08T18:52:48" hostname="LAPTOP-2D1GM5DQ" time="0.01">
  <properties/>
  <testcase name="readInputFileLineTest" classname="ReadInputFileTest" time="0.01"/>
  <system-out><![CDATA[]]></system-out>
  <system-err><![CDATA[]]></system-err>
</testsuite>
