<?xml version="1.0" encoding="UTF-8"?>
<testsuite name="carparking.CarParkingLotTest" tests="1" skipped="0" failures="0" errors="0" timestamp="2020-08-10T17:58:47" hostname="LAPTOP-2D1GM5DQ" time="0.004">
  <properties/>
  <testcase name="testInitCarParkingService" classname="carparking.CarParkingLotTest" time="0.004"/>
  <system-out><![CDATA[]]></system-out>
  <system-err><![CDATA[]]></system-err>
</testsuite>
