<?xml version="1.0" encoding="UTF-8"?>
<testsuite name="CarParkingServiceImplTest" tests="1" skipped="0" failures="0" errors="0" timestamp="2020-08-09T06:38:41" hostname="LAPTOP-2D1GM5DQ" time="0.082">
  <properties/>
  <testcase name="createParkingLot" classname="CarParkingServiceImplTest" time="0.082"/>
  <system-out><![CDATA[]]></system-out>
  <system-err><![CDATA[]]></system-err>
</testsuite>
